  [1m[35m (1.5ms)[0m  [1m[34mSELECT pg_try_advisory_lock(4364414410690817490)[0m
  [1m[36mActiveRecord::SchemaMigration Pluck (1.5ms)[0m  [1m[34mSELECT "schema_migrations"."version" FROM "schema_migrations" ORDER BY "schema_migrations"."version" ASC[0m
  [1m[36mActiveRecord::InternalMetadata Load (4.4ms)[0m  [1m[34mSELECT "ar_internal_metadata".* FROM "ar_internal_metadata" WHERE "ar_internal_metadata"."key" = $1 LIMIT $2[0m  [["key", "environment"], ["LIMIT", 1]]
  [1m[35m (0.5ms)[0m  [1m[34mSELECT pg_advisory_unlock(4364414410690817490)[0m
  [1m[36mActiveRecord::SchemaMigration Pluck (0.6ms)[0m  [1m[34mSELECT "schema_migrations"."version" FROM "schema_migrations" ORDER BY "schema_migrations"."version" ASC[0m
  [1m[35m (9.2ms)[0m  [1m[35mCREATE DATABASE "stock_trading_development" ENCODING = 'utf8'[0m
  [1m[35m (0.5ms)[0m  [1m[35mCREATE DATABASE "stock_trading_test" ENCODING = 'utf8'[0m
  [1m[35m (0.4ms)[0m  [1m[34mSELECT pg_try_advisory_lock(4364414410690817490)[0m
  [1m[36mActiveRecord::SchemaMigration Pluck (0.6ms)[0m  [1m[34mSELECT "schema_migrations"."version" FROM "schema_migrations" ORDER BY "schema_migrations"."version" ASC[0m
  [1m[36mActiveRecord::InternalMetadata Load (0.4ms)[0m  [1m[34mSELECT "ar_internal_metadata".* FROM "ar_internal_metadata" WHERE "ar_internal_metadata"."key" = $1 LIMIT $2[0m  [["key", "environment"], ["LIMIT", 1]]
  [1m[35m (0.5ms)[0m  [1m[34mSELECT pg_advisory_unlock(4364414410690817490)[0m
  [1m[36mActiveRecord::SchemaMigration Pluck (0.5ms)[0m  [1m[34mSELECT "schema_migrations"."version" FROM "schema_migrations" ORDER BY "schema_migrations"."version" ASC[0m
Started GET "/" for ::1 at 2022-09-06 10:30:39 +0800
  [1m[36mActiveRecord::SchemaMigration Pluck (1.0ms)[0m  [1m[34mSELECT "schema_migrations"."version" FROM "schema_migrations" ORDER BY "schema_migrations"."version" ASC[0m
Processing by PagesController#home as HTML
  Rendering layout layouts/application.html.erb
  Rendering pages/home.html.erb within layouts/application
  Rendered pages/home.html.erb within layouts/application (Duration: 8.7ms | Allocations: 458)
  Rendered layout layouts/application.html.erb (Duration: 508.5ms | Allocations: 125795)
Completed 200 OK in 535ms (Views: 517.0ms | ActiveRecord: 0.0ms | Allocations: 130552)


Started GET "/login" for ::1 at 2022-09-06 10:31:06 +0800
Processing by Users::SessionsController#new as HTML
  Rendering layout layouts/application.html.erb
  Rendering users/sessions/new.html.erb within layouts/application
  Rendered users/shared/_links.html.erb (Duration: 5.2ms | Allocations: 323)
  Rendered users/sessions/new.html.erb within layouts/application (Duration: 86.0ms | Allocations: 7502)
  Rendered layout layouts/application.html.erb (Duration: 119.8ms | Allocations: 10105)
Completed 200 OK in 194ms (Views: 124.3ms | ActiveRecord: 4.9ms | Allocations: 18572)


Started GET "/" for ::1 at 2022-09-06 10:46:34 +0800
  [1m[36mActiveRecord::SchemaMigration Pluck (1.8ms)[0m  [1m[34mSELECT "schema_migrations"."version" FROM "schema_migrations" ORDER BY "schema_migrations"."version" ASC[0m
Processing by PagesController#home as HTML
  Rendering layout layouts/application.html.erb
  Rendering pages/home.html.erb within layouts/application
  Rendered pages/home.html.erb within layouts/application (Duration: 460.9ms | Allocations: 116942)
  Rendered layout layouts/application.html.erb (Duration: 477.0ms | Allocations: 120900)
Completed 500 Internal Server Error in 496ms (ActiveRecord: 0.0ms | Allocations: 124375)


  
ActionView::Template::Error (The asset "tailwind.css" is not present in the asset pipeline.
):
     5:     <meta name="viewport" content="width=device-width,initial-scale=1">
     6:     <%= csrf_meta_tags %>
     7:     <%= csp_meta_tag %>
     8:     <%= stylesheet_link_tag "tailwind", "inter-font", "data-turbo-track": "reload" %>
     9: 
    10:     <%= stylesheet_link_tag "application", "data-turbo-track": "reload" %>
    11:     <%= javascript_importmap_tags %>
  
app/views/layouts/application.html.erb:8
Started GET "/" for ::1 at 2022-09-06 10:47:46 +0800
Processing by PagesController#home as HTML
  Rendering layout layouts/application.html.erb
  Rendering pages/home.html.erb within layouts/application
  Rendered pages/home.html.erb within layouts/application (Duration: 18.0ms | Allocations: 1077)
  Rendered layout layouts/application.html.erb (Duration: 78.2ms | Allocations: 17834)
Completed 200 OK in 92ms (Views: 85.6ms | ActiveRecord: 0.0ms | Allocations: 18762)


Started GET "/login" for ::1 at 2022-09-06 10:47:51 +0800
Processing by Users::SessionsController#new as HTML
  Rendering layout layouts/application.html.erb
  Rendering users/sessions/new.html.erb within layouts/application
  Rendered users/shared/_links.html.erb (Duration: 1.2ms | Allocations: 320)
  Rendered users/sessions/new.html.erb within layouts/application (Duration: 54.0ms | Allocations: 4230)
  Rendered layout layouts/application.html.erb (Duration: 58.9ms | Allocations: 7038)
Completed 200 OK in 256ms (Views: 60.7ms | ActiveRecord: 103.5ms | Allocations: 15284)


Started GET "/" for ::1 at 2022-09-06 10:48:30 +0800
  [1m[36mActiveRecord::SchemaMigration Pluck (2.4ms)[0m  [1m[34mSELECT "schema_migrations"."version" FROM "schema_migrations" ORDER BY "schema_migrations"."version" ASC[0m
Processing by PagesController#home as HTML
  Rendering layout layouts/application.html.erb
  Rendering pages/home.html.erb within layouts/application
  Rendered pages/home.html.erb within layouts/application (Duration: 270.5ms | Allocations: 65287)
  Rendered layout layouts/application.html.erb (Duration: 290.5ms | Allocations: 86444)
Completed 200 OK in 305ms (Views: 297.6ms | ActiveRecord: 0.0ms | Allocations: 89968)


Started GET "/" for ::1 at 2022-09-06 10:48:48 +0800
  [1m[36mActiveRecord::SchemaMigration Pluck (0.8ms)[0m  [1m[34mSELECT "schema_migrations"."version" FROM "schema_migrations" ORDER BY "schema_migrations"."version" ASC[0m
Processing by PagesController#home as HTML
  Rendering layout layouts/application.html.erb
  Rendering pages/home.html.erb within layouts/application
  Rendered pages/home.html.erb within layouts/application (Duration: 64.4ms | Allocations: 32036)
  Rendered layout layouts/application.html.erb (Duration: 86.9ms | Allocations: 53159)
Completed 200 OK in 98ms (Views: 91.5ms | ActiveRecord: 0.0ms | Allocations: 56684)


Started GET "/" for ::1 at 2022-09-06 10:50:47 +0800
  [1m[36mActiveRecord::SchemaMigration Pluck (0.7ms)[0m  [1m[34mSELECT "schema_migrations"."version" FROM "schema_migrations" ORDER BY "schema_migrations"."version" ASC[0m
Processing by PagesController#home as HTML
  Rendering layout layouts/application.html.erb
  Rendering pages/home.html.erb within layouts/application
  Rendered pages/home.html.erb within layouts/application (Duration: 78.7ms | Allocations: 32079)
  Rendered layout layouts/application.html.erb (Duration: 103.3ms | Allocations: 53193)
Completed 200 OK in 115ms (Views: 108.3ms | ActiveRecord: 0.0ms | Allocations: 56718)


Started GET "/" for ::1 at 2022-09-06 11:09:38 +0800
  [1m[36mActiveRecord::SchemaMigration Pluck (2.9ms)[0m  [1m[34mSELECT "schema_migrations"."version" FROM "schema_migrations" ORDER BY "schema_migrations"."version" ASC[0m
Processing by PagesController#home as HTML
  Rendering layout layouts/application.html.erb
  Rendering pages/home.html.erb within layouts/application
  Rendered pages/home.html.erb within layouts/application (Duration: 197.7ms | Allocations: 35316)
  Rendered layout layouts/application.html.erb (Duration: 241.4ms | Allocations: 56436)
Completed 200 OK in 260ms (Views: 246.2ms | ActiveRecord: 0.0ms | Allocations: 59960)


